<?xml version="1.0" encoding="UTF-8"?>
<!-- Generated by org.testng.reporters.JUnitReportReporter -->
<testsuite skipped="0" hostname="DLLT-6523" name="com.qa.hubspot.tests.LoginPagetest" tests="3" failures="0" timestamp="29 Jul 2020 04:23:04 GMT" time="17.129" errors="0">
  <testcase name="verifyTitle" time="16.073" classname="com.qa.hubspot.tests.LoginPagetest"/>
  <testcase name="verifySignupLinkisdisplayed" time="0.114" classname="com.qa.hubspot.tests.LoginPagetest"/>
  <testcase name="verifyLogin" time="0.942" classname="com.qa.hubspot.tests.LoginPagetest"/>
</testsuite> <!-- com.qa.hubspot.tests.LoginPagetest -->
